<hello>
	
	<!--
	    Element /hello/world starts on line 6:
	-->
	<world/>
	
	
</hello>
